<?xml version="1.0" encoding="UTF-8"?>
<testng-results ignored="0" total="1" passed="1" failed="0" skipped="0">
  <reporter-output>
  </reporter-output>
  <suite started-at="2022-10-29T07:30:56 IST" name="Default suite" finished-at="2022-10-29T07:31:29 IST" duration-ms="32954">
    <groups>
    </groups>
    <test started-at="2022-10-29T07:30:56 IST" name="Default test" finished-at="2022-10-29T07:31:29 IST" duration-ms="32954">
      <class name="registration_Page_Tests.RegistrationProcess">
        <test-method is-config="true" signature="beforeSuiteStart()[pri:0, instance:registration_Page_Tests.RegistrationProcess@6574a52c]" started-at="2022-10-29T07:30:56 IST" name="beforeSuiteStart" finished-at="2022-10-29T07:30:56 IST" duration-ms="72" status="PASS">
          <reporter-output>
          </reporter-output>
        </test-method> <!-- beforeSuiteStart -->
        <test-method is-config="true" signature="beforeEachTest(java.lang.reflect.Method)[pri:0, instance:registration_Page_Tests.RegistrationProcess@6574a52c]" started-at="2022-10-29T07:30:56 IST" name="beforeEachTest" finished-at="2022-10-29T07:31:21 IST" duration-ms="25105" status="PASS">
          <params>
            <param index="0">
              <value>
                <![CDATA[public void registration_Page_Tests.RegistrationProcess.registrationProcess()]]>
              </value>
            </param>
          </params>
          <reporter-output>
          </reporter-output>
        </test-method> <!-- beforeEachTest -->
        <test-method signature="registrationProcess()[pri:0, instance:registration_Page_Tests.RegistrationProcess@6574a52c]" started-at="2022-10-29T07:31:21 IST" name="registrationProcess" finished-at="2022-10-29T07:31:29 IST" duration-ms="7642" status="PASS">
          <reporter-output>
          </reporter-output>
        </test-method> <!-- registrationProcess -->
        <test-method is-config="true" signature="afterEachTest()[pri:0, instance:registration_Page_Tests.RegistrationProcess@6574a52c]" started-at="2022-10-29T07:31:29 IST" name="afterEachTest" finished-at="2022-10-29T07:31:29 IST" duration-ms="178" status="PASS">
          <reporter-output>
          </reporter-output>
        </test-method> <!-- afterEachTest -->
      </class> <!-- registration_Page_Tests.RegistrationProcess -->
    </test> <!-- Default test -->
  </suite> <!-- Default suite -->
</testng-results>
